<?xml version="1.0" encoding="UTF-8"?>
<testng-results ignored="0" total="2" passed="2" failed="0" skipped="0">
  <reporter-output>
  </reporter-output>
  <suite started-at="2025-05-17T18:01:12 IST" name="MasterSuite" finished-at="2025-05-17T18:01:23 IST" duration-ms="11461">
    <groups>
      <group name="Master">
        <method signature="TC001_AccountRegisterationTest.verify_account_registration()[pri:0, instance:testCases.TC001_AccountRegisterationTest@62010f5c]" name="verify_account_registration" class="testCases.TC001_AccountRegisterationTest"/>
        <method signature="TC002_LoginTest.verifyLogin()[pri:0, instance:testCases.TC002_LoginTest@67d18ed7]" name="verifyLogin" class="testCases.TC002_LoginTest"/>
      </group> <!-- Master -->
      <group name="Sanity">
        <method signature="TC002_LoginTest.verifyLogin()[pri:0, instance:testCases.TC002_LoginTest@67d18ed7]" name="verifyLogin" class="testCases.TC002_LoginTest"/>
      </group> <!-- Sanity -->
      <group name="Regression">
        <method signature="TC001_AccountRegisterationTest.verify_account_registration()[pri:0, instance:testCases.TC001_AccountRegisterationTest@62010f5c]" name="verify_account_registration" class="testCases.TC001_AccountRegisterationTest"/>
      </group> <!-- Regression -->
    </groups>
    <test started-at="2025-05-17T18:01:12 IST" name="Test" finished-at="2025-05-17T18:01:23 IST" duration-ms="11461">
      <class name="testCases.TC002_LoginTest">
        <test-method is-config="true" signature="setup(java.lang.String,java.lang.String)[pri:0, instance:testCases.TC002_LoginTest@67d18ed7]" started-at="2025-05-17T18:01:19 IST" name="setup" finished-at="2025-05-17T18:01:20 IST" duration-ms="1800" status="PASS">
          <params>
            <param index="0">
              <value>
                <![CDATA[Windows]]>
              </value>
            </param>
            <param index="1">
              <value>
                <![CDATA[Chrome]]>
              </value>
            </param>
          </params>
          <reporter-output>
          </reporter-output>
        </test-method> <!-- setup -->
        <test-method signature="verifyLogin()[pri:0, instance:testCases.TC002_LoginTest@67d18ed7]" started-at="2025-05-17T18:01:20 IST" name="verifyLogin" finished-at="2025-05-17T18:01:23 IST" duration-ms="2267" status="PASS">
          <reporter-output>
          </reporter-output>
        </test-method> <!-- verifyLogin -->
        <test-method is-config="true" signature="tearDown()[pri:0, instance:testCases.TC002_LoginTest@67d18ed7]" started-at="2025-05-17T18:01:23 IST" name="tearDown" finished-at="2025-05-17T18:01:23 IST" duration-ms="371" status="PASS">
          <reporter-output>
          </reporter-output>
        </test-method> <!-- tearDown -->
      </class> <!-- testCases.TC002_LoginTest -->
      <class name="testCases.TC001_AccountRegisterationTest">
        <test-method is-config="true" signature="setup(java.lang.String,java.lang.String)[pri:0, instance:testCases.TC001_AccountRegisterationTest@62010f5c]" started-at="2025-05-17T18:01:12 IST" name="setup" finished-at="2025-05-17T18:01:16 IST" duration-ms="3716" status="PASS">
          <params>
            <param index="0">
              <value>
                <![CDATA[Windows]]>
              </value>
            </param>
            <param index="1">
              <value>
                <![CDATA[Chrome]]>
              </value>
            </param>
          </params>
          <reporter-output>
          </reporter-output>
        </test-method> <!-- setup -->
        <test-method signature="verify_account_registration()[pri:0, instance:testCases.TC001_AccountRegisterationTest@62010f5c]" started-at="2025-05-17T18:01:16 IST" name="verify_account_registration" finished-at="2025-05-17T18:01:18 IST" duration-ms="2340" status="PASS">
          <reporter-output>
          </reporter-output>
        </test-method> <!-- verify_account_registration -->
        <test-method is-config="true" signature="tearDown()[pri:0, instance:testCases.TC001_AccountRegisterationTest@62010f5c]" started-at="2025-05-17T18:01:18 IST" name="tearDown" finished-at="2025-05-17T18:01:19 IST" duration-ms="662" status="PASS">
          <reporter-output>
          </reporter-output>
        </test-method> <!-- tearDown -->
      </class> <!-- testCases.TC001_AccountRegisterationTest -->
    </test> <!-- Test -->
  </suite> <!-- MasterSuite -->
</testng-results>
