<?xml version="1.0" encoding="UTF-8"?>
<testng-results ignored="0" total="2" passed="2" failed="0" skipped="0">
  <reporter-output>
  </reporter-output>
  <suite started-at="2025-05-20T23:12:13 IST" name="MasterSuite" finished-at="2025-05-20T23:12:17 IST" duration-ms="3976">
    <groups>
    </groups>
    <test started-at="2025-05-20T23:12:13 IST" name="Test" finished-at="2025-05-20T23:12:17 IST" duration-ms="3976">
      <class name="testCases.TC004_SearchProduct">
        <test-method is-config="true" signature="setup(java.lang.String,java.lang.String)[pri:0, instance:testCases.TC004_SearchProduct@4f9a2c08]" started-at="2025-05-20T23:12:13 IST" name="setup" finished-at="2025-05-20T23:12:16 IST" duration-ms="3299" status="PASS">
          <params>
            <param index="0">
              <value>
                <![CDATA[Windows]]>
              </value>
            </param>
            <param index="1">
              <value>
                <![CDATA[Chrome]]>
              </value>
            </param>
          </params>
          <reporter-output>
          </reporter-output>
        </test-method> <!-- setup -->
        <test-method signature="searchProductName()[pri:0, instance:testCases.TC004_SearchProduct@4f9a2c08]" started-at="2025-05-20T23:12:16 IST" name="searchProductName" finished-at="2025-05-20T23:12:17 IST" duration-ms="471" status="PASS">
          <reporter-output>
          </reporter-output>
        </test-method> <!-- searchProductName -->
        <test-method signature="verifyProductAvailability()[pri:0, instance:testCases.TC004_SearchProduct@4f9a2c08]" started-at="2025-05-20T23:12:17 IST" name="verifyProductAvailability" finished-at="2025-05-20T23:12:17 IST" duration-ms="11" status="PASS">
          <reporter-output>
          </reporter-output>
        </test-method> <!-- verifyProductAvailability -->
        <test-method is-config="true" signature="tearDown()[pri:0, instance:testCases.TC004_SearchProduct@4f9a2c08]" started-at="2025-05-20T23:12:17 IST" name="tearDown" finished-at="2025-05-20T23:12:17 IST" duration-ms="0" status="PASS">
          <reporter-output>
          </reporter-output>
        </test-method> <!-- tearDown -->
      </class> <!-- testCases.TC004_SearchProduct -->
    </test> <!-- Test -->
  </suite> <!-- MasterSuite -->
</testng-results>
